[debug] [2024-06-27T09:40:22.242Z] ----------------------------------------------------------------------
[debug] [2024-06-27T09:40:22.245Z] Command:       C:\Program Files\nodejs\node.exe C:\Users\Mr. Apurv Nipane\AppData\Roaming\npm\node_modules\firebase-tools\lib\bin\firebase.js init
[debug] [2024-06-27T09:40:22.250Z] CLI Version:   13.12.0
[debug] [2024-06-27T09:40:22.250Z] Platform:      win32
[debug] [2024-06-27T09:40:22.250Z] Node Version:  v18.15.0
[debug] [2024-06-27T09:40:22.252Z] Time:          Thu Jun 27 2024 15:10:22 GMT+0530 (India Standard Time)
[debug] [2024-06-27T09:40:22.252Z] ----------------------------------------------------------------------
[debug] 
[debug] [2024-06-27T09:40:22.265Z] > command requires scopes: ["email","openid","https://www.googleapis.com/auth/cloudplatformprojects.readonly","https://www.googleapis.com/auth/firebase","https://www.googleapis.com/auth/cloud-platform"]
[debug] [2024-06-27T09:40:22.266Z] > authorizing via signed-in user (amolnipane123@gmail.com)
[info] 
     ######## #### ########  ######## ########     ###     ######  ########
     ##        ##  ##     ## ##       ##     ##  ##   ##  ##       ##
     ######    ##  ########  ######   ########  #########  ######  ######
     ##        ##  ##    ##  ##       ##     ## ##     ##       ## ##
     ##       #### ##     ## ######## ########  ##     ##  ######  ########

You're about to initialize a Firebase project in this directory:

  C:\Users\Mr. Apurv Nipane\Desktop\portfolio

[info] 
=== Project Setup
[info] 
[info] First, let's associate this project directory with a Firebase project.
[info] You can create multiple project aliases by running firebase use --add, 
[info] but for now we'll just set up a default project.
[info] 
[debug] [2024-06-27T09:40:45.295Z] >>> [apiv2][query] GET https://firebase.googleapis.com/v1beta1/projects pageSize=100
[debug] [2024-06-27T09:40:46.757Z] <<< [apiv2][status] GET https://firebase.googleapis.com/v1beta1/projects 200
[debug] [2024-06-27T09:40:46.757Z] <<< [apiv2][body] GET https://firebase.googleapis.com/v1beta1/projects [omitted]
[info] i  Using project amol-26 (amol) 
[info] 
=== Hosting Setup
[debug] [2024-06-27T09:40:51.584Z] >>> [apiv2][query] GET https://firebase.googleapis.com/v1beta1/projects/amol-26 [none]
[debug] [2024-06-27T09:40:52.375Z] <<< [apiv2][status] GET https://firebase.googleapis.com/v1beta1/projects/amol-26 200
[debug] [2024-06-27T09:40:52.375Z] <<< [apiv2][body] GET https://firebase.googleapis.com/v1beta1/projects/amol-26 {"projectId":"amol-26","projectNumber":"937810052314","displayName":"amol","name":"projects/amol-26","resources":{"hostingSite":"amol-26"},"state":"ACTIVE","etag":"1_a6583ad8-78f7-47d3-9915-7f862f1b434c"}
[info] 
[info] Your public directory is the folder (relative to your project directory) that
[info] will contain Hosting assets to be uploaded with firebase deploy. If you
[info] have a build process for your assets, use your build's output directory.
[info] 
